{
  "stats": {
    "suites": 1,
    "tests": 1,
    "passes": 1,
    "pending": 0,
    "failures": 0,
    "start": "2022-09-08T22:19:27.720Z",
    "end": "2022-09-08T22:20:13.060Z",
    "duration": 45340,
    "testsRegistered": 1,
    "passPercent": 100,
    "pendingPercent": 0,
    "other": 0,
    "hasOther": false,
    "skipped": 0,
    "hasSkipped": false
  },
  "results": [
    {
      "uuid": "2a2fec1e-875d-4b57-922e-75848b826d54",
      "title": "",
      "fullFile": "cypress/integration/e2e/userFlow.spec.ts",
      "file": "cypress/integration/e2e/userFlow.spec.ts",
      "beforeHooks": [],
      "afterHooks": [],
      "tests": [],
      "suites": [
        {
          "uuid": "cfbef0c4-9d8f-4e61-a634-2690f954345c",
          "title": "User Job Application submission flow",
          "fullFile": "",
          "file": "",
          "beforeHooks": [],
          "afterHooks": [],
          "tests": [
            {
              "title": "Visit page and check if site is shown right",
              "fullTitle": "User Job Application submission flow Visit page and check if site is shown right",
              "timedOut": null,
              "duration": 42485,
              "state": "passed",
              "speed": "slow",
              "pass": true,
              "fail": false,
              "pending": false,
              "context": null,
              "code": "iodine_page_1[\"default\"].waitForMainPageContainerToBeVisible();\niodine_page_1[\"default\"].hoverOnCompanyTab();\niodine_page_1[\"default\"].clickOnCareersOnCompanyAndNavigateTab();\niodine_page_1[\"default\"].scrollToNowHiringSection();\niodine_page_1[\"default\"].clickOnSpecificJobTitle(jobTitle);\niodine_page_1[\"default\"].clickOnApplyOnThisPossition();\niodine_page_1[\"default\"].answerYesToFirstQuestion();\niodine_page_1[\"default\"].answerYesToSecondQuestion();\niodine_page_1[\"default\"].clickOnContinueButton();\niodine_page_1[\"default\"].clickOnContinueButton();\niodine_page_1[\"default\"].clickOnMaleOptionButton();\niodine_page_1[\"default\"].clickOnWhiteOptionButton();\niodine_page_1[\"default\"].clickOnContinueButton();\niodine_page_1[\"default\"].clickOnNotAVeteranOption();\niodine_page_1[\"default\"].clickOnContinueButton();\niodine_page_1[\"default\"].clickOnDoNotHaveDissabilityOption();\niodine_page_1[\"default\"].enterTextNameInSubmitForm(name);\niodine_page_1[\"default\"].enterTextInCalendarInput(todayDate);\niodine_page_1[\"default\"].clickOnContinueButton();\niodine_page_1[\"default\"].enterNameInForm(name);\niodine_page_1[\"default\"].enterLastNameInForm(lastName);\niodine_page_1[\"default\"].clickOnSubmitFormSubmitButton();\niodine_page_1[\"default\"].checkEmailAlertForAssertion();",
              "err": {},
              "uuid": "c0ff9a6e-409c-4266-a9b7-3a2114790bb8",
              "parentUUID": "cfbef0c4-9d8f-4e61-a634-2690f954345c",
              "isHook": false,
              "skipped": false
            }
          ],
          "suites": [],
          "passes": [
            "c0ff9a6e-409c-4266-a9b7-3a2114790bb8"
          ],
          "failures": [],
          "pending": [],
          "skipped": [],
          "duration": 42485,
          "root": false,
          "rootEmpty": false,
          "_timeout": 2000
        }
      ],
      "passes": [],
      "failures": [],
      "pending": [],
      "skipped": [],
      "duration": 0,
      "root": true,
      "rootEmpty": true,
      "_timeout": 2000
    }
  ],
  "meta": {
    "mocha": {
      "version": "7.0.1"
    },
    "mochawesome": {
      "options": {
        "quiet": false,
        "reportFilename": "report",
        "saveHtml": true,
        "saveJson": true,
        "consoleReporter": "spec",
        "useInlineDiffs": false,
        "code": true
      },
      "version": "7.1.3"
    },
    "marge": {
      "options": {
        "charts": false,
        "html": true,
        "json": true,
        "reportDir": "cypress/reports",
        "reportFilename": "report",
        "overwrite": true
      },
      "version": "6.2.0"
    }
  }
}